<?xml version="1.0" encoding="UTF-8"?>
<!-- Generated by org.testng.reporters.JUnitXMLReporter -->
<testsuite hostname="hp" name="Test1" tests="5" failures="0" timestamp="18 Aug 2020 07:42:18 GMT" time="0.192" errors="0">
  <testcase name="" time="0.04" classname="TESTNGTopics.GroupsDemo"/>
  <testcase name="" time="0.008" classname="TESTNGTopics.GroupsDemo"/>
  <testcase name="" time="0.008" classname="TESTNGTopics.GroupsDemo"/>
  <testcase name="" time="0.0" classname="TESTNGTopics.GroupsDemo"/>
  <testcase name="" time="0.0" classname="TESTNGTopics.GroupsDemo"/>
</testsuite> <!-- Test1 -->
